# JRE version: OpenJDK Runtime Environment (8.0_322-b06) (build 1.8.0_322-b06)
# Java VM: OpenJDK 64-Bit Server VM (25.322-b06 mixed mode bsd-aarch64 compressed oops)
Heap:
 PSYoungGen      total 38400K, used 5979K [0x0000000795580000, 0x000000079a080000, 0x00000007c0000000)
  eden space 33280K, 17% used [0x0000000795580000,0x0000000795b56f28,0x0000000797600000)
  from space 5120K, 0% used [0x0000000797600000,0x0000000797600000,0x0000000797b00000)
  to   space 5120K, 0% used [0x0000000799b80000,0x0000000799b80000,0x000000079a080000)
 ParOldGen       total 147456K, used 58651K [0x0000000740000000, 0x0000000749000000, 0x0000000795580000)
  object space 147456K, 39% used [0x0000000740000000,0x0000000743946f40,0x0000000749000000)
 Metaspace       used 14452K, capacity 15008K, committed 15104K, reserved 1062912K
  class space    used 1799K, capacity 1983K, committed 2048K, reserved 1048576K
GC Heap History (8 events):
Event: 0.433 GC heap before
{Heap before GC invocations=1 (full 0):
 PSYoungGen      total 38400K, used 32164K [0x0000000795580000, 0x0000000798000000, 0x00000007c0000000)
  eden space 33280K, 96% used [0x0000000795580000,0x00000007974e9248,0x0000000797600000)
  from space 5120K, 0% used [0x0000000797b00000,0x0000000797b00000,0x0000000798000000)
  to   space 5120K, 0% used [0x0000000797600000,0x0000000797600000,0x0000000797b00000)
 ParOldGen       total 87552K, used 0K [0x0000000740000000, 0x0000000745580000, 0x0000000795580000)
  object space 87552K, 0% used [0x0000000740000000,0x0000000740000000,0x0000000745580000)
 Metaspace       used 10571K, capacity 10956K, committed 11136K, reserved 1058816K
  class space    used 1285K, capacity 1362K, committed 1408K, reserved 1048576K
Event: 0.435 GC heap after
Heap after GC invocations=1 (full 0):
 PSYoungGen      total 38400K, used 4924K [0x0000000795580000, 0x0000000798000000, 0x00000007c0000000)
  eden space 33280K, 0% used [0x0000000795580000,0x0000000795580000,0x0000000797600000)
  from space 5120K, 96% used [0x0000000797600000,0x0000000797acf340,0x0000000797b00000)
  to   space 5120K, 0% used [0x0000000797b00000,0x0000000797b00000,0x0000000798000000)
 ParOldGen       total 87552K, used 5257K [0x0000000740000000, 0x0000000745580000, 0x0000000795580000)
  object space 87552K, 6% used [0x0000000740000000,0x0000000740522650,0x0000000745580000)
 Metaspace       used 10571K, capacity 10956K, committed 11136K, reserved 1058816K
  class space    used 1285K, capacity 1362K, committed 1408K, reserved 1048576K
}
Event: 0.554 GC heap before
{Heap before GC invocations=2 (full 0):
 PSYoungGen      total 38400K, used 30093K [0x0000000795580000, 0x0000000798000000, 0x00000007c0000000)
  eden space 33280K, 75% used [0x0000000795580000,0x0000000796e143b8,0x0000000797600000)
  from space 5120K, 96% used [0x0000000797600000,0x0000000797acf340,0x0000000797b00000)
  to   space 5120K, 0% used [0x0000000797b00000,0x0000000797b00000,0x0000000798000000)
 ParOldGen       total 87552K, used 5257K [0x0000000740000000, 0x0000000745580000, 0x0000000795580000)
  object space 87552K, 6% used [0x0000000740000000,0x0000000740522650,0x0000000745580000)
 Metaspace       used 13324K, capacity 13782K, committed 13952K, reserved 1060864K
  class space    used 1685K, capacity 1815K, committed 1920K, reserved 1048576K
Event: 0.557 GC heap after
Heap after GC invocations=2 (full 0):
 PSYoungGen      total 38400K, used 5116K [0x0000000795580000, 0x000000079a080000, 0x00000007c0000000)
  eden space 33280K, 0% used [0x0000000795580000,0x0000000795580000,0x0000000797600000)
  from space 5120K, 99% used [0x0000000797b00000,0x0000000797fff360,0x0000000798000000)
  to   space 5120K, 0% used [0x0000000797600000,0x0000000797600000,0x0000000797b00000)
 ParOldGen       total 87552K, used 20982K [0x0000000740000000, 0x0000000745580000, 0x0000000795580000)
  object space 87552K, 23% used [0x0000000740000000,0x000000074147d910,0x0000000745580000)
 Metaspace       used 13324K, capacity 13782K, committed 13952K, reserved 1060864K
  class space    used 1685K, capacity 1815K, committed 1920K, reserved 1048576K
}
Event: 0.660 GC heap before
{Heap before GC invocations=3 (full 0):
 PSYoungGen      total 38400K, used 38365K [0x0000000795580000, 0x000000079a080000, 0x00000007c0000000)
  eden space 33280K, 99% used [0x0000000795580000,0x00000007975f83a8,0x0000000797600000)
  from space 5120K, 99% used [0x0000000797b00000,0x0000000797fff360,0x0000000798000000)
  to   space 5120K, 0% used [0x0000000797600000,0x0000000797600000,0x0000000797b00000)
 ParOldGen       total 87552K, used 20982K [0x0000000740000000, 0x0000000745580000, 0x0000000795580000)
  object space 87552K, 23% used [0x0000000740000000,0x000000074147d910,0x0000000745580000)
 Metaspace       used 13339K, capacity 13782K, committed 13952K, reserved 1060864K
  class space    used 1686K, capacity 1815K, committed 1920K, reserved 1048576K
Event: 0.664 GC heap after
Heap after GC invocations=3 (full 0):
 PSYoungGen      total 38400K, used 5104K [0x0000000795580000, 0x000000079a080000, 0x00000007c0000000)
  eden space 33280K, 0% used [0x0000000795580000,0x0000000795580000,0x0000000797600000)
  from space 5120K, 99% used [0x0000000797600000,0x0000000797afc030,0x0000000797b00000)
  to   space 5120K, 0% used [0x0000000799b80000,0x0000000799b80000,0x000000079a080000)
 ParOldGen       total 87552K, used 53672K [0x0000000740000000, 0x0000000745580000, 0x0000000795580000)
  object space 87552K, 61% used [0x0000000740000000,0x000000074346a240,0x0000000745580000)
 Metaspace       used 13339K, capacity 13782K, committed 13952K, reserved 1060864K
  class space    used 1686K, capacity 1815K, committed 1920K, reserved 1048576K
}
Event: 0.664 GC heap before
{Heap before GC invocations=4 (full 1):
 PSYoungGen      total 38400K, used 5104K [0x0000000795580000, 0x000000079a080000, 0x00000007c0000000)
  eden space 33280K, 0% used [0x0000000795580000,0x0000000795580000,0x0000000797600000)
  from space 5120K, 99% used [0x0000000797600000,0x0000000797afc030,0x0000000797b00000)
  to   space 5120K, 0% used [0x0000000799b80000,0x0000000799b80000,0x000000079a080000)
 ParOldGen       total 87552K, used 53672K [0x0000000740000000, 0x0000000745580000, 0x0000000795580000)
  object space 87552K, 61% used [0x0000000740000000,0x000000074346a240,0x0000000745580000)
 Metaspace       used 13339K, capacity 13782K, committed 13952K, reserved 1060864K
  class space    used 1686K, capacity 1815K, committed 1920K, reserved 1048576K
Event: 0.681 GC heap after
Heap after GC invocations=4 (full 1):
 PSYoungGen      total 38400K, used 0K [0x0000000795580000, 0x000000079a080000, 0x00000007c0000000)
  eden space 33280K, 0% used [0x0000000795580000,0x0000000795580000,0x0000000797600000)
  from space 5120K, 0% used [0x0000000797600000,0x0000000797600000,0x0000000797b00000)
  to   space 5120K, 0% used [0x0000000799b80000,0x0000000799b80000,0x000000079a080000)
 ParOldGen       total 147456K, used 58651K [0x0000000740000000, 0x0000000749000000, 0x0000000795580000)
  object space 147456K, 39% used [0x0000000740000000,0x0000000743946f40,0x0000000749000000)
 Metaspace       used 13339K, capacity 13782K, committed 13952K, reserved 1060864K
  class space    used 1686K, capacity 1815K, committed 1920K, reserved 1048576K
}

