# JRE version: OpenJDK Runtime Environment (8.0_322-b06) (build 1.8.0_322-b06)
# Java VM: OpenJDK 64-Bit Server VM (25.322-b06 mixed mode bsd-aarch64 compressed oops)
Heap:
 PSYoungGen      total 38400K, used 5959K [0x0000000795580000, 0x000000079a080000, 0x00000007c0000000)
  eden space 33280K, 17% used [0x0000000795580000,0x0000000795b51d58,0x0000000797600000)
  from space 5120K, 0% used [0x0000000797600000,0x0000000797600000,0x0000000797b00000)
  to   space 5120K, 0% used [0x0000000799b80000,0x0000000799b80000,0x000000079a080000)
 ParOldGen       total 147968K, used 58650K [0x0000000740000000, 0x0000000749080000, 0x0000000795580000)
  object space 147968K, 39% used [0x0000000740000000,0x0000000743946a40,0x0000000749080000)
 Metaspace       used 14394K, capacity 14948K, committed 15104K, reserved 1062912K
  class space    used 1800K, capacity 1983K, committed 2048K, reserved 1048576K
GC Heap History (8 events):
Event: 0.435 GC heap before
{Heap before GC invocations=1 (full 0):
 PSYoungGen      total 38400K, used 32131K [0x0000000795580000, 0x0000000798000000, 0x00000007c0000000)
  eden space 33280K, 96% used [0x0000000795580000,0x00000007974e0e30,0x0000000797600000)
  from space 5120K, 0% used [0x0000000797b00000,0x0000000797b00000,0x0000000798000000)
  to   space 5120K, 0% used [0x0000000797600000,0x0000000797600000,0x0000000797b00000)
 ParOldGen       total 87552K, used 0K [0x0000000740000000, 0x0000000745580000, 0x0000000795580000)
  object space 87552K, 0% used [0x0000000740000000,0x0000000740000000,0x0000000745580000)
 Metaspace       used 10554K, capacity 10896K, committed 11136K, reserved 1058816K
  class space    used 1286K, capacity 1362K, committed 1408K, reserved 1048576K
Event: 0.437 GC heap after
Heap after GC invocations=1 (full 0):
 PSYoungGen      total 38400K, used 4876K [0x0000000795580000, 0x0000000798000000, 0x00000007c0000000)
  eden space 33280K, 0% used [0x0000000795580000,0x0000000795580000,0x0000000797600000)
  from space 5120K, 95% used [0x0000000797600000,0x0000000797ac3350,0x0000000797b00000)
  to   space 5120K, 0% used [0x0000000797b00000,0x0000000797b00000,0x0000000798000000)
 ParOldGen       total 87552K, used 5257K [0x0000000740000000, 0x0000000745580000, 0x0000000795580000)
  object space 87552K, 6% used [0x0000000740000000,0x0000000740522650,0x0000000745580000)
 Metaspace       used 10554K, capacity 10896K, committed 11136K, reserved 1058816K
  class space    used 1286K, capacity 1362K, committed 1408K, reserved 1048576K
}
Event: 0.566 GC heap before
{Heap before GC invocations=2 (full 0):
 PSYoungGen      total 38400K, used 30047K [0x0000000795580000, 0x0000000798000000, 0x00000007c0000000)
  eden space 33280K, 75% used [0x0000000795580000,0x0000000796e14b18,0x0000000797600000)
  from space 5120K, 95% used [0x0000000797600000,0x0000000797ac3350,0x0000000797b00000)
  to   space 5120K, 0% used [0x0000000797b00000,0x0000000797b00000,0x0000000798000000)
 ParOldGen       total 87552K, used 5257K [0x0000000740000000, 0x0000000745580000, 0x0000000795580000)
  object space 87552K, 6% used [0x0000000740000000,0x0000000740522650,0x0000000745580000)
 Metaspace       used 13308K, capacity 13786K, committed 13952K, reserved 1060864K
  class space    used 1685K, capacity 1815K, committed 1920K, reserved 1048576K
Event: 0.569 GC heap after
Heap after GC invocations=2 (full 0):
 PSYoungGen      total 38400K, used 5100K [0x0000000795580000, 0x000000079a080000, 0x00000007c0000000)
  eden space 33280K, 0% used [0x0000000795580000,0x0000000795580000,0x0000000797600000)
  from space 5120K, 99% used [0x0000000797b00000,0x0000000797ffb350,0x0000000798000000)
  to   space 5120K, 0% used [0x0000000797600000,0x0000000797600000,0x0000000797b00000)
 ParOldGen       total 87552K, used 21022K [0x0000000740000000, 0x0000000745580000, 0x0000000795580000)
  object space 87552K, 24% used [0x0000000740000000,0x0000000741487910,0x0000000745580000)
 Metaspace       used 13308K, capacity 13786K, committed 13952K, reserved 1060864K
  class space    used 1685K, capacity 1815K, committed 1920K, reserved 1048576K
}
Event: 0.673 GC heap before
{Heap before GC invocations=3 (full 0):
 PSYoungGen      total 38400K, used 38349K [0x0000000795580000, 0x000000079a080000, 0x00000007c0000000)
  eden space 33280K, 99% used [0x0000000795580000,0x00000007975f8410,0x0000000797600000)
  from space 5120K, 99% used [0x0000000797b00000,0x0000000797ffb350,0x0000000798000000)
  to   space 5120K, 0% used [0x0000000797600000,0x0000000797600000,0x0000000797b00000)
 ParOldGen       total 87552K, used 21022K [0x0000000740000000, 0x0000000745580000, 0x0000000795580000)
  object space 87552K, 24% used [0x0000000740000000,0x0000000741487910,0x0000000745580000)
 Metaspace       used 13323K, capacity 13786K, committed 13952K, reserved 1060864K
  class space    used 1686K, capacity 1815K, committed 1920K, reserved 1048576K
Event: 0.677 GC heap after
Heap after GC invocations=3 (full 0):
 PSYoungGen      total 38400K, used 5104K [0x0000000795580000, 0x000000079a080000, 0x00000007c0000000)
  eden space 33280K, 0% used [0x0000000795580000,0x0000000795580000,0x0000000797600000)
  from space 5120K, 99% used [0x0000000797600000,0x0000000797afc030,0x0000000797b00000)
  to   space 5120K, 0% used [0x0000000799b80000,0x0000000799b80000,0x000000079a080000)
 ParOldGen       total 87552K, used 53672K [0x0000000740000000, 0x0000000745580000, 0x0000000795580000)
  object space 87552K, 61% used [0x0000000740000000,0x000000074346a220,0x0000000745580000)
 Metaspace       used 13323K, capacity 13786K, committed 13952K, reserved 1060864K
  class space    used 1686K, capacity 1815K, committed 1920K, reserved 1048576K
}
Event: 0.677 GC heap before
{Heap before GC invocations=4 (full 1):
 PSYoungGen      total 38400K, used 5104K [0x0000000795580000, 0x000000079a080000, 0x00000007c0000000)
  eden space 33280K, 0% used [0x0000000795580000,0x0000000795580000,0x0000000797600000)
  from space 5120K, 99% used [0x0000000797600000,0x0000000797afc030,0x0000000797b00000)
  to   space 5120K, 0% used [0x0000000799b80000,0x0000000799b80000,0x000000079a080000)
 ParOldGen       total 87552K, used 53672K [0x0000000740000000, 0x0000000745580000, 0x0000000795580000)
  object space 87552K, 61% used [0x0000000740000000,0x000000074346a220,0x0000000745580000)
 Metaspace       used 13323K, capacity 13786K, committed 13952K, reserved 1060864K
  class space    used 1686K, capacity 1815K, committed 1920K, reserved 1048576K
Event: 0.694 GC heap after
Heap after GC invocations=4 (full 1):
 PSYoungGen      total 38400K, used 0K [0x0000000795580000, 0x000000079a080000, 0x00000007c0000000)
  eden space 33280K, 0% used [0x0000000795580000,0x0000000795580000,0x0000000797600000)
  from space 5120K, 0% used [0x0000000797600000,0x0000000797600000,0x0000000797b00000)
  to   space 5120K, 0% used [0x0000000799b80000,0x0000000799b80000,0x000000079a080000)
 ParOldGen       total 147968K, used 58650K [0x0000000740000000, 0x0000000749080000, 0x0000000795580000)
  object space 147968K, 39% used [0x0000000740000000,0x0000000743946a40,0x0000000749080000)
 Metaspace       used 13323K, capacity 13786K, committed 13952K, reserved 1060864K
  class space    used 1686K, capacity 1815K, committed 1920K, reserved 1048576K
}

